# JRE version: 7.0_07-b11
# Java VM: Java HotSpot(TM) 64-Bit Server VM (23.3-b01 mixed mode windows-amd64 compressed oops)
Heap
 PSYoungGen      total 35584K, used 6046K [0x00000000eaab0000, 0x00000000ed010000, 0x0000000100000000)
  eden space 32896K, 14% used [0x00000000eaab0000,0x00000000eaf3d688,0x00000000ecad0000)
  from space 2688K, 51% used [0x00000000ecad0000,0x00000000ecc2a188,0x00000000ecd70000)
  to   space 2688K, 0% used [0x00000000ecd70000,0x00000000ecd70000,0x00000000ed010000)
 ParOldGen       total 43712K, used 8951K [0x00000000c0000000, 0x00000000c2ab0000, 0x00000000eaab0000)
  object space 43712K, 20% used [0x00000000c0000000,0x00000000c08bdec0,0x00000000c2ab0000)
 PSPermGen       total 21248K, used 9374K [0x00000000bae00000, 0x00000000bc2c0000, 0x00000000c0000000)
  object space 21248K, 44% used [0x00000000bae00000,0x00000000bb7279f8,0x00000000bc2c0000)
GC Heap History (10 events):
Event: 3.371 GC heap before
{Heap before GC invocations=1 (full 0):
 PSYoungGen      total 19136K, used 16448K [0x00000000eaab0000, 0x00000000ec000000, 0x0000000100000000)
  eden space 16448K, 100% used [0x00000000eaab0000,0x00000000ebac0000,0x00000000ebac0000)
  from space 2688K, 0% used [0x00000000ebd60000,0x00000000ebd60000,0x00000000ec000000)
  to   space 2688K, 0% used [0x00000000ebac0000,0x00000000ebac0000,0x00000000ebd60000)
 ParOldGen       total 43712K, used 0K [0x00000000c0000000, 0x00000000c2ab0000, 0x00000000eaab0000)
  object space 43712K, 0% used [0x00000000c0000000,0x00000000c0000000,0x00000000c2ab0000)
 PSPermGen       total 21248K, used 8793K [0x00000000bae00000, 0x00000000bc2c0000, 0x00000000c0000000)
  object space 21248K, 41% used [0x00000000bae00000,0x00000000bb6964b8,0x00000000bc2c0000)
Event: 3.393 GC heap after
Heap after GC invocations=1 (full 0):
 PSYoungGen      total 19136K, used 2680K [0x00000000eaab0000, 0x00000000ec000000, 0x0000000100000000)
  eden space 16448K, 0% used [0x00000000eaab0000,0x00000000eaab0000,0x00000000ebac0000)
  from space 2688K, 99% used [0x00000000ebac0000,0x00000000ebd5e088,0x00000000ebd60000)
  to   space 2688K, 0% used [0x00000000ebd60000,0x00000000ebd60000,0x00000000ec000000)
 ParOldGen       total 43712K, used 8687K [0x00000000c0000000, 0x00000000c2ab0000, 0x00000000eaab0000)
  object space 43712K, 19% used [0x00000000c0000000,0x00000000c087bec0,0x00000000c2ab0000)
 PSPermGen       total 21248K, used 8793K [0x00000000bae00000, 0x00000000bc2c0000, 0x00000000c0000000)
  object space 21248K, 41% used [0x00000000bae00000,0x00000000bb6964b8,0x00000000bc2c0000)
}
Event: 3.980 GC heap before
{Heap before GC invocations=2 (full 0):
 PSYoungGen      total 19136K, used 18859K [0x00000000eaab0000, 0x00000000ec000000, 0x0000000100000000)
  eden space 16448K, 98% used [0x00000000eaab0000,0x00000000eba7cf20,0x00000000ebac0000)
  from space 2688K, 99% used [0x00000000ebac0000,0x00000000ebd5e088,0x00000000ebd60000)
  to   space 2688K, 0% used [0x00000000ebd60000,0x00000000ebd60000,0x00000000ec000000)
 ParOldGen       total 43712K, used 8687K [0x00000000c0000000, 0x00000000c2ab0000, 0x00000000eaab0000)
  object space 43712K, 19% used [0x00000000c0000000,0x00000000c087bec0,0x00000000c2ab0000)
 PSPermGen       total 21248K, used 9223K [0x00000000bae00000, 0x00000000bc2c0000, 0x00000000c0000000)
  object space 21248K, 43% used [0x00000000bae00000,0x00000000bb701c50,0x00000000bc2c0000)
Event: 3.991 GC heap after
Heap after GC invocations=2 (full 0):
 PSYoungGen      total 19136K, used 1604K [0x00000000eaab0000, 0x00000000ed010000, 0x0000000100000000)
  eden space 16448K, 0% used [0x00000000eaab0000,0x00000000eaab0000,0x00000000ebac0000)
  from space 2688K, 59% used [0x00000000ebd60000,0x00000000ebef1280,0x00000000ec000000)
  to   space 2688K, 0% used [0x00000000ebac0000,0x00000000ebac0000,0x00000000ebd60000)
 ParOldGen       total 43712K, used 8695K [0x00000000c0000000, 0x00000000c2ab0000, 0x00000000eaab0000)
  object space 43712K, 19% used [0x00000000c0000000,0x00000000c087dec0,0x00000000c2ab0000)
 PSPermGen       total 21248K, used 9223K [0x00000000bae00000, 0x00000000bc2c0000, 0x00000000c0000000)
  object space 21248K, 43% used [0x00000000bae00000,0x00000000bb701c50,0x00000000bc2c0000)
}
Event: 4.492 GC heap before
{Heap before GC invocations=3 (full 0):
 PSYoungGen      total 19136K, used 17706K [0x00000000eaab0000, 0x00000000ed010000, 0x0000000100000000)
  eden space 16448K, 97% used [0x00000000eaab0000,0x00000000eba697d0,0x00000000ebac0000)
  from space 2688K, 59% used [0x00000000ebd60000,0x00000000ebef1280,0x00000000ec000000)
  to   space 2688K, 0% used [0x00000000ebac0000,0x00000000ebac0000,0x00000000ebd60000)
 ParOldGen       total 43712K, used 8695K [0x00000000c0000000, 0x00000000c2ab0000, 0x00000000eaab0000)
  object space 43712K, 19% used [0x00000000c0000000,0x00000000c087dec0,0x00000000c2ab0000)
 PSPermGen       total 21248K, used 9230K [0x00000000bae00000, 0x00000000bc2c0000, 0x00000000c0000000)
  object space 21248K, 43% used [0x00000000bae00000,0x00000000bb703b60,0x00000000bc2c0000)
Event: 4.502 GC heap after
Heap after GC invocations=3 (full 0):
 PSYoungGen      total 19136K, used 1544K [0x00000000eaab0000, 0x00000000ed010000, 0x0000000100000000)
  eden space 16448K, 0% used [0x00000000eaab0000,0x00000000eaab0000,0x00000000ebac0000)
  from space 2688K, 57% used [0x00000000ebac0000,0x00000000ebc42168,0x00000000ebd60000)
  to   space 2688K, 0% used [0x00000000ecd70000,0x00000000ecd70000,0x00000000ed010000)
 ParOldGen       total 43712K, used 8703K [0x00000000c0000000, 0x00000000c2ab0000, 0x00000000eaab0000)
  object space 43712K, 19% used [0x00000000c0000000,0x00000000c087fec0,0x00000000c2ab0000)
 PSPermGen       total 21248K, used 9230K [0x00000000bae00000, 0x00000000bc2c0000, 0x00000000c0000000)
  object space 21248K, 43% used [0x00000000bae00000,0x00000000bb703b60,0x00000000bc2c0000)
}
Event: 4.981 GC heap before
{Heap before GC invocations=4 (full 0):
 PSYoungGen      total 19136K, used 17992K [0x00000000eaab0000, 0x00000000ed010000, 0x0000000100000000)
  eden space 16448K, 100% used [0x00000000eaab0000,0x00000000ebac0000,0x00000000ebac0000)
  from space 2688K, 57% used [0x00000000ebac0000,0x00000000ebc42168,0x00000000ebd60000)
  to   space 2688K, 0% used [0x00000000ecd70000,0x00000000ecd70000,0x00000000ed010000)
 ParOldGen       total 43712K, used 8703K [0x00000000c0000000, 0x00000000c2ab0000, 0x00000000eaab0000)
  object space 43712K, 19% used [0x00000000c0000000,0x00000000c087fec0,0x00000000c2ab0000)
 PSPermGen       total 21248K, used 9234K [0x00000000bae00000, 0x00000000bc2c0000, 0x00000000c0000000)
  object space 21248K, 43% used [0x00000000bae00000,0x00000000bb704b18,0x00000000bc2c0000)
Event: 4.991 GC heap after
Heap after GC invocations=4 (full 0):
 PSYoungGen      total 35584K, used 2662K [0x00000000eaab0000, 0x00000000ed010000, 0x0000000100000000)
  eden space 32896K, 0% used [0x00000000eaab0000,0x00000000eaab0000,0x00000000ecad0000)
  from space 2688K, 99% used [0x00000000ecd70000,0x00000000ed009a98,0x00000000ed010000)
  to   space 2688K, 0% used [0x00000000ecad0000,0x00000000ecad0000,0x00000000ecd70000)
 ParOldGen       total 43712K, used 8943K [0x00000000c0000000, 0x00000000c2ab0000, 0x00000000eaab0000)
  object space 43712K, 20% used [0x00000000c0000000,0x00000000c08bbec0,0x00000000c2ab0000)
 PSPermGen       total 21248K, used 9234K [0x00000000bae00000, 0x00000000bc2c0000, 0x00000000c0000000)
  object space 21248K, 43% used [0x00000000bae00000,0x00000000bb704b18,0x00000000bc2c0000)
}
Event: 8.650 GC heap before
{Heap before GC invocations=5 (full 0):
 PSYoungGen      total 35584K, used 35558K [0x00000000eaab0000, 0x00000000ed010000, 0x0000000100000000)
  eden space 32896K, 100% used [0x00000000eaab0000,0x00000000ecad0000,0x00000000ecad0000)
  from space 2688K, 99% used [0x00000000ecd70000,0x00000000ed009a98,0x00000000ed010000)
  to   space 2688K, 0% used [0x00000000ecad0000,0x00000000ecad0000,0x00000000ecd70000)
 ParOldGen       total 43712K, used 8943K [0x00000000c0000000, 0x00000000c2ab0000, 0x00000000eaab0000)
  object space 43712K, 20% used [0x00000000c0000000,0x00000000c08bbec0,0x00000000c2ab0000)
 PSPermGen       total 21248K, used 9317K [0x00000000bae00000, 0x00000000bc2c0000, 0x00000000c0000000)
  object space 21248K, 43% used [0x00000000bae00000,0x00000000bb719708,0x00000000bc2c0000)
Event: 8.660 GC heap after
Heap after GC invocations=5 (full 0):
 PSYoungGen      total 35584K, used 1384K [0x00000000eaab0000, 0x00000000ed010000, 0x0000000100000000)
  eden space 32896K, 0% used [0x00000000eaab0000,0x00000000eaab0000,0x00000000ecad0000)
  from space 2688K, 51% used [0x00000000ecad0000,0x00000000ecc2a188,0x00000000ecd70000)
  to   space 2688K, 0% used [0x00000000ecd70000,0x00000000ecd70000,0x00000000ed010000)
 ParOldGen       total 43712K, used 8951K [0x00000000c0000000, 0x00000000c2ab0000, 0x00000000eaab0000)
  object space 43712K, 20% used [0x00000000c0000000,0x00000000c08bdec0,0x00000000c2ab0000)
 PSPermGen       total 21248K, used 9317K [0x00000000bae00000, 0x00000000bc2c0000, 0x00000000c0000000)
  object space 21248K, 43% used [0x00000000bae00000,0x00000000bb719708,0x00000000bc2c0000)
}

