# JRE version: 7.0_07-b11
# Java VM: Java HotSpot(TM) 64-Bit Server VM (23.3-b01 mixed mode windows-amd64 compressed oops)
Heap
 PSYoungGen      total 35584K, used 4689K [0x00000000eaab0000, 0x00000000ed010000, 0x0000000100000000)
  eden space 32896K, 9% used [0x00000000eaab0000,0x00000000eadb64f0,0x00000000ecad0000)
  from space 2688K, 59% used [0x00000000ecad0000,0x00000000ecc5e178,0x00000000ecd70000)
  to   space 2688K, 0% used [0x00000000ecd70000,0x00000000ecd70000,0x00000000ed010000)
 ParOldGen       total 43712K, used 9028K [0x00000000c0000000, 0x00000000c2ab0000, 0x00000000eaab0000)
  object space 43712K, 20% used [0x00000000c0000000,0x00000000c08d1210,0x00000000c2ab0000)
 PSPermGen       total 21248K, used 9322K [0x00000000bae00000, 0x00000000bc2c0000, 0x00000000c0000000)
  object space 21248K, 43% used [0x00000000bae00000,0x00000000bb71a918,0x00000000bc2c0000)
GC Heap History (10 events):
Event: 3.359 GC heap before
{Heap before GC invocations=1 (full 0):
 PSYoungGen      total 19136K, used 16448K [0x00000000eaab0000, 0x00000000ec000000, 0x0000000100000000)
  eden space 16448K, 100% used [0x00000000eaab0000,0x00000000ebac0000,0x00000000ebac0000)
  from space 2688K, 0% used [0x00000000ebd60000,0x00000000ebd60000,0x00000000ec000000)
  to   space 2688K, 0% used [0x00000000ebac0000,0x00000000ebac0000,0x00000000ebd60000)
 ParOldGen       total 43712K, used 0K [0x00000000c0000000, 0x00000000c2ab0000, 0x00000000eaab0000)
  object space 43712K, 0% used [0x00000000c0000000,0x00000000c0000000,0x00000000c2ab0000)
 PSPermGen       total 21248K, used 8793K [0x00000000bae00000, 0x00000000bc2c0000, 0x00000000c0000000)
  object space 21248K, 41% used [0x00000000bae00000,0x00000000bb696500,0x00000000bc2c0000)
Event: 3.379 GC heap after
Heap after GC invocations=1 (full 0):
 PSYoungGen      total 19136K, used 2666K [0x00000000eaab0000, 0x00000000ec000000, 0x0000000100000000)
  eden space 16448K, 0% used [0x00000000eaab0000,0x00000000eaab0000,0x00000000ebac0000)
  from space 2688K, 99% used [0x00000000ebac0000,0x00000000ebd5a978,0x00000000ebd60000)
  to   space 2688K, 0% used [0x00000000ebd60000,0x00000000ebd60000,0x00000000ec000000)
 ParOldGen       total 43712K, used 9004K [0x00000000c0000000, 0x00000000c2ab0000, 0x00000000eaab0000)
  object space 43712K, 20% used [0x00000000c0000000,0x00000000c08cb210,0x00000000c2ab0000)
 PSPermGen       total 21248K, used 8793K [0x00000000bae00000, 0x00000000bc2c0000, 0x00000000c0000000)
  object space 21248K, 41% used [0x00000000bae00000,0x00000000bb696500,0x00000000bc2c0000)
}
Event: 3.997 GC heap before
{Heap before GC invocations=2 (full 0):
 PSYoungGen      total 19136K, used 18840K [0x00000000eaab0000, 0x00000000ec000000, 0x0000000100000000)
  eden space 16448K, 98% used [0x00000000eaab0000,0x00000000eba7b918,0x00000000ebac0000)
  from space 2688K, 99% used [0x00000000ebac0000,0x00000000ebd5a978,0x00000000ebd60000)
  to   space 2688K, 0% used [0x00000000ebd60000,0x00000000ebd60000,0x00000000ec000000)
 ParOldGen       total 43712K, used 9004K [0x00000000c0000000, 0x00000000c2ab0000, 0x00000000eaab0000)
  object space 43712K, 20% used [0x00000000c0000000,0x00000000c08cb210,0x00000000c2ab0000)
 PSPermGen       total 21248K, used 9222K [0x00000000bae00000, 0x00000000bc2c0000, 0x00000000c0000000)
  object space 21248K, 43% used [0x00000000bae00000,0x00000000bb701b48,0x00000000bc2c0000)
Event: 4.008 GC heap after
Heap after GC invocations=2 (full 0):
 PSYoungGen      total 19136K, used 1652K [0x00000000eaab0000, 0x00000000ed010000, 0x0000000100000000)
  eden space 16448K, 0% used [0x00000000eaab0000,0x00000000eaab0000,0x00000000ebac0000)
  from space 2688K, 61% used [0x00000000ebd60000,0x00000000ebefd270,0x00000000ec000000)
  to   space 2688K, 0% used [0x00000000ebac0000,0x00000000ebac0000,0x00000000ebd60000)
 ParOldGen       total 43712K, used 9012K [0x00000000c0000000, 0x00000000c2ab0000, 0x00000000eaab0000)
  object space 43712K, 20% used [0x00000000c0000000,0x00000000c08cd210,0x00000000c2ab0000)
 PSPermGen       total 21248K, used 9222K [0x00000000bae00000, 0x00000000bc2c0000, 0x00000000c0000000)
  object space 21248K, 43% used [0x00000000bae00000,0x00000000bb701b48,0x00000000bc2c0000)
}
Event: 4.471 GC heap before
{Heap before GC invocations=3 (full 0):
 PSYoungGen      total 19136K, used 17755K [0x00000000eaab0000, 0x00000000ed010000, 0x0000000100000000)
  eden space 16448K, 97% used [0x00000000eaab0000,0x00000000eba69c80,0x00000000ebac0000)
  from space 2688K, 61% used [0x00000000ebd60000,0x00000000ebefd270,0x00000000ec000000)
  to   space 2688K, 0% used [0x00000000ebac0000,0x00000000ebac0000,0x00000000ebd60000)
 ParOldGen       total 43712K, used 9012K [0x00000000c0000000, 0x00000000c2ab0000, 0x00000000eaab0000)
  object space 43712K, 20% used [0x00000000c0000000,0x00000000c08cd210,0x00000000c2ab0000)
 PSPermGen       total 21248K, used 9230K [0x00000000bae00000, 0x00000000bc2c0000, 0x00000000c0000000)
  object space 21248K, 43% used [0x00000000bae00000,0x00000000bb703ba8,0x00000000bc2c0000)
Event: 4.482 GC heap after
Heap after GC invocations=3 (full 0):
 PSYoungGen      total 19136K, used 1512K [0x00000000eaab0000, 0x00000000ed010000, 0x0000000100000000)
  eden space 16448K, 0% used [0x00000000eaab0000,0x00000000eaab0000,0x00000000ebac0000)
  from space 2688K, 56% used [0x00000000ebac0000,0x00000000ebc3a188,0x00000000ebd60000)
  to   space 2688K, 0% used [0x00000000ecd70000,0x00000000ecd70000,0x00000000ed010000)
 ParOldGen       total 43712K, used 9020K [0x00000000c0000000, 0x00000000c2ab0000, 0x00000000eaab0000)
  object space 43712K, 20% used [0x00000000c0000000,0x00000000c08cf210,0x00000000c2ab0000)
 PSPermGen       total 21248K, used 9230K [0x00000000bae00000, 0x00000000bc2c0000, 0x00000000c0000000)
  object space 21248K, 43% used [0x00000000bae00000,0x00000000bb703ba8,0x00000000bc2c0000)
}
Event: 4.851 GC heap before
{Heap before GC invocations=4 (full 0):
 PSYoungGen      total 19136K, used 17960K [0x00000000eaab0000, 0x00000000ed010000, 0x0000000100000000)
  eden space 16448K, 100% used [0x00000000eaab0000,0x00000000ebac0000,0x00000000ebac0000)
  from space 2688K, 56% used [0x00000000ebac0000,0x00000000ebc3a188,0x00000000ebd60000)
  to   space 2688K, 0% used [0x00000000ecd70000,0x00000000ecd70000,0x00000000ed010000)
 ParOldGen       total 43712K, used 9020K [0x00000000c0000000, 0x00000000c2ab0000, 0x00000000eaab0000)
  object space 43712K, 20% used [0x00000000c0000000,0x00000000c08cf210,0x00000000c2ab0000)
 PSPermGen       total 21248K, used 9234K [0x00000000bae00000, 0x00000000bc2c0000, 0x00000000c0000000)
  object space 21248K, 43% used [0x00000000bae00000,0x00000000bb704b60,0x00000000bc2c0000)
Event: 4.861 GC heap after
Heap after GC invocations=4 (full 0):
 PSYoungGen      total 35584K, used 2061K [0x00000000eaab0000, 0x00000000ed010000, 0x0000000100000000)
  eden space 32896K, 0% used [0x00000000eaab0000,0x00000000eaab0000,0x00000000ecad0000)
  from space 2688K, 76% used [0x00000000ecd70000,0x00000000ecf73488,0x00000000ed010000)
  to   space 2688K, 0% used [0x00000000ecad0000,0x00000000ecad0000,0x00000000ecd70000)
 ParOldGen       total 43712K, used 9020K [0x00000000c0000000, 0x00000000c2ab0000, 0x00000000eaab0000)
  object space 43712K, 20% used [0x00000000c0000000,0x00000000c08cf210,0x00000000c2ab0000)
 PSPermGen       total 21248K, used 9234K [0x00000000bae00000, 0x00000000bc2c0000, 0x00000000c0000000)
  object space 21248K, 43% used [0x00000000bae00000,0x00000000bb704b60,0x00000000bc2c0000)
}
Event: 8.397 GC heap before
{Heap before GC invocations=5 (full 0):
 PSYoungGen      total 35584K, used 34957K [0x00000000eaab0000, 0x00000000ed010000, 0x0000000100000000)
  eden space 32896K, 100% used [0x00000000eaab0000,0x00000000ecad0000,0x00000000ecad0000)
  from space 2688K, 76% used [0x00000000ecd70000,0x00000000ecf73488,0x00000000ed010000)
  to   space 2688K, 0% used [0x00000000ecad0000,0x00000000ecad0000,0x00000000ecd70000)
 ParOldGen       total 43712K, used 9020K [0x00000000c0000000, 0x00000000c2ab0000, 0x00000000eaab0000)
  object space 43712K, 20% used [0x00000000c0000000,0x00000000c08cf210,0x00000000c2ab0000)
 PSPermGen       total 21248K, used 9319K [0x00000000bae00000, 0x00000000bc2c0000, 0x00000000c0000000)
  object space 21248K, 43% used [0x00000000bae00000,0x00000000bb719cc8,0x00000000bc2c0000)
Event: 8.409 GC heap after
Heap after GC invocations=5 (full 0):
 PSYoungGen      total 35584K, used 1592K [0x00000000eaab0000, 0x00000000ed010000, 0x0000000100000000)
  eden space 32896K, 0% used [0x00000000eaab0000,0x00000000eaab0000,0x00000000ecad0000)
  from space 2688K, 59% used [0x00000000ecad0000,0x00000000ecc5e178,0x00000000ecd70000)
  to   space 2688K, 0% used [0x00000000ecd70000,0x00000000ecd70000,0x00000000ed010000)
 ParOldGen       total 43712K, used 9028K [0x00000000c0000000, 0x00000000c2ab0000, 0x00000000eaab0000)
  object space 43712K, 20% used [0x00000000c0000000,0x00000000c08d1210,0x00000000c2ab0000)
 PSPermGen       total 21248K, used 9319K [0x00000000bae00000, 0x00000000bc2c0000, 0x00000000c0000000)
  object space 21248K, 43% used [0x00000000bae00000,0x00000000bb719cc8,0x00000000bc2c0000)
}

